<?xml version="1.0" encoding="UTF-8"?>
<testsuite name="AccountTest" tests="1" skipped="0" failures="0" errors="0" timestamp="2020-12-10T14:23:19" hostname="DWLEE1-N" time="0.003">
  <properties/>
  <testcase name="Account가_제대로_생성되었는지" classname="AccountTest" time="0.003"/>
  <system-out><![CDATA[]]></system-out>
  <system-err><![CDATA[]]></system-err>
</testsuite>
